Start testing: Sep 14 17:27 שעון קיץ ירושלים
----------------------------------------------------------
1/1 Testing: PongTests
1/1 Test: PongTests
Command: "C:/Users/mendy/source/repos/PongGame/PongGame/build/Debug/PongGameTests.exe"
Directory: C:/Users/mendy/source/repos/PongGame/PongGame/build
"PongTests" start time: Sep 14 17:27 שעון קיץ ירושלים
Output:
----------------------------------------------------------
Randomness seeded to: 519152627
===============================================================================
All tests passed (1 assertion in 1 test case)

<end of output>
Test time =   0.08 sec
----------------------------------------------------------
Test Passed.
"PongTests" end time: Sep 14 17:27 שעון קיץ ירושלים
"PongTests" time elapsed: 00:00:00
----------------------------------------------------------

End testing: Sep 14 17:27 שעון קיץ ירושלים
